<?xml version="1.0" encoding="UTF-8"?>
<!-- Generated by org.testng.reporters.JUnitReportReporter -->
<testsuite hostname="Ishant" failures="0" tests="1" name="selnium_package.AmazonScenario_Maven.TestCase02" time="14.671" errors="0" timestamp="2024-07-03T23:22:27 IST" skipped="0">
  <testcase classname="selnium_package.AmazonScenario_Maven.TestCase02" name="selectProduct" time="14.671"/>
  <system-out/>
</testsuite> <!-- selnium_package.AmazonScenario_Maven.TestCase02 -->
