<?xml version="1.0" encoding="UTF-8"?>
<!-- Generated by org.testng.reporters.JUnitReportReporter -->
<testsuite hostname="Ishant" failures="0" tests="1" name="selnium_package.AmazonScenario_Maven.TestCase01" time="19.121" errors="0" timestamp="2024-07-03T23:20:56 IST" skipped="0">
  <testcase classname="selnium_package.AmazonScenario_Maven.TestCase01" name="loginAndSearch" time="19.121"/>
  <system-out/>
</testsuite> <!-- selnium_package.AmazonScenario_Maven.TestCase01 -->
