<?xml version="1.0" encoding="UTF-8"?>
<!-- Generated by org.testng.reporters.JUnitReportReporter -->
<testsuite hostname="Ishant" failures="0" tests="1" name="selnium_package.AmazonScenario_Maven.TestCase03" time="20.209" errors="0" timestamp="2024-07-04T16:49:16 IST" skipped="0">
  <testcase classname="selnium_package.AmazonScenario_Maven.TestCase03" name="addProductToWishList" time="20.209"/>
  <system-out/>
</testsuite> <!-- selnium_package.AmazonScenario_Maven.TestCase03 -->
