<?xml version="1.0" encoding="UTF-8"?>
<!-- Generated by org.testng.reporters.JUnitReportReporter -->
<testsuite hostname="Ishant" failures="0" tests="1" name="selnium_package.AmazonScenario_Maven.TestCase05" time="23.536" errors="0" timestamp="2024-07-04T19:30:42 IST" skipped="0">
  <testcase classname="selnium_package.AmazonScenario_Maven.TestCase05" name="selectAddress" time="23.536"/>
  <system-out/>
</testsuite> <!-- selnium_package.AmazonScenario_Maven.TestCase05 -->
