<?xml version="1.0" encoding="UTF-8"?>
<!-- Generated by org.testng.reporters.JUnitReportReporter -->
<testsuite hostname="Ishant" failures="0" tests="1" name="selnium_package.AmazonScenario_Maven.TestCase04" time="19.657" errors="0" timestamp="2024-07-04T19:08:54 IST" skipped="0">
  <testcase classname="selnium_package.AmazonScenario_Maven.TestCase04" name="addProductToCart" time="19.657"/>
  <system-out/>
</testsuite> <!-- selnium_package.AmazonScenario_Maven.TestCase04 -->
