<?xml version="1.0" encoding="UTF-8"?>
<!-- Generated by org.testng.reporters.JUnitReportReporter -->
<testsuite hostname="Ishant" failures="0" tests="1" name="selnium_package.AmazonScenario_Maven.TestCase03" time="15.598" errors="0" timestamp="2024-07-05T17:21:26 IST" skipped="0">
  <testcase classname="selnium_package.AmazonScenario_Maven.TestCase03" name="addProductToWishList" time="15.598"/>
  <system-out>
    <![CDATA[test case passed]]>
  </system-out>
</testsuite> <!-- selnium_package.AmazonScenario_Maven.TestCase03 -->
